13:59:01.113 [main] INFO  cz.moravec.TownDaoTests - Starting TownDaoTests on DESKTOP-MP4FIVB with PID 11820 (started by Trolik in C:\Users\Trolik\IdeaProjects\ppj_semester_project)
13:59:01.114 [main] INFO  cz.moravec.TownDaoTests - The following profiles are active: test
13:59:01.148 [main] INFO  o.s.c.a.AnnotationConfigApplicationContext - Refreshing org.springframework.context.annotation.AnnotationConfigApplicationContext@51dcb805: startup date [Thu Apr 12 13:59:01 CEST 2018]; root of context hierarchy
13:59:02.112 [main] INFO  o.s.o.j.LocalContainerEntityManagerFactoryBean - Building JPA container EntityManagerFactory for persistence unit 'default'
13:59:02.125 [main] INFO  o.h.jpa.internal.util.LogHelper - HHH000204: Processing PersistenceUnitInfo [
	name: default
	...]
13:59:02.175 [main] INFO  org.hibernate.Version - HHH000412: Hibernate Core {5.0.12.Final}
13:59:02.176 [main] INFO  org.hibernate.cfg.Environment - HHH000206: hibernate.properties not found
13:59:02.178 [main] INFO  org.hibernate.cfg.Environment - HHH000021: Bytecode provider name : javassist
13:59:02.209 [main] INFO  o.h.annotations.common.Version - HCANN000001: Hibernate Commons Annotations {5.0.1.Final}
13:59:02.296 [main] INFO  org.hibernate.dialect.Dialect - HHH000400: Using dialect: org.hibernate.dialect.HSQLDialect
13:59:02.632 [main] INFO  o.h.tool.hbm2ddl.SchemaExport - HHH000227: Running hbm2ddl schema export
13:59:02.637 [main] ERROR o.h.tool.hbm2ddl.SchemaExport - HHH000389: Unsuccessful: alter table town drop constraint FK57luxticjl4wpm6mqi2a0gjjn
13:59:02.637 [main] ERROR o.h.tool.hbm2ddl.SchemaExport - user lacks privilege or object not found: PUBLIC.TOWN
13:59:02.638 [main] INFO  o.h.tool.hbm2ddl.SchemaExport - HHH000230: Schema export complete
13:59:02.666 [main] INFO  o.s.o.j.LocalContainerEntityManagerFactoryBean - Initialized JPA EntityManagerFactory for persistence unit 'default'
13:59:02.740 [main] INFO  cz.moravec.Main - DB Provisioner: Table COUNTRY exists, all existing tables: [ADMINISTRABLE_ROLE_AUTHORIZATIONS, APPLICABLE_ROLES, ASSERTIONS, AUTHORIZATIONS, CHARACTER_SETS, CHECK_CONSTRAINTS, CHECK_CONSTRAINT_ROUTINE_USAGE, COLLATIONS, COLUMNS, COLUMN_COLUMN_USAGE, COLUMN_DOMAIN_USAGE, COLUMN_PRIVILEGES, COLUMN_UDT_USAGE, CONSTRAINT_COLUMN_USAGE, CONSTRAINT_TABLE_USAGE, DATA_TYPE_PRIVILEGES, DOMAINS, DOMAIN_CONSTRAINTS, ELEMENT_TYPES, ENABLED_ROLES, INFORMATION_SCHEMA_CATALOG_NAME, JARS, JAR_JAR_USAGE, KEY_COLUMN_USAGE, PARAMETERS, REFERENTIAL_CONSTRAINTS, ROLE_AUTHORIZATION_DESCRIPTORS, ROLE_COLUMN_GRANTS, ROLE_ROUTINE_GRANTS, ROLE_TABLE_GRANTS, ROLE_UDT_GRANTS, ROLE_USAGE_GRANTS, ROUTINES, ROUTINE_COLUMN_USAGE, ROUTINE_JAR_USAGE, ROUTINE_PRIVILEGES, ROUTINE_ROUTINE_USAGE, ROUTINE_SEQUENCE_USAGE, ROUTINE_TABLE_USAGE, SCHEMATA, SEQUENCES, SQL_FEATURES, SQL_IMPLEMENTATION_INFO, SQL_PACKAGES, SQL_PARTS, SQL_SIZING, SQL_SIZING_PROFILES, SYSTEM_BESTROWIDENTIFIER, SYSTEM_CACHEINFO, SYSTEM_COLUMNS, SYSTEM_COLUMN_SEQUENCE_USAGE, SYSTEM_COMMENTS, SYSTEM_CONNECTION_PROPERTIES, SYSTEM_CROSSREFERENCE, SYSTEM_INDEXINFO, SYSTEM_INDEXSTATS, SYSTEM_KEY_INDEX_USAGE, SYSTEM_PRIMARYKEYS, SYSTEM_PROCEDURECOLUMNS, SYSTEM_PROCEDURES, SYSTEM_PROPERTIES, SYSTEM_SCHEMAS, SYSTEM_SEQUENCES, SYSTEM_SESSIONINFO, SYSTEM_SESSIONS, SYSTEM_SYNONYMS, SYSTEM_TABLES, SYSTEM_TABLESTATS, SYSTEM_TABLETYPES, SYSTEM_TEXTTABLES, SYSTEM_TYPEINFO, SYSTEM_UDTS, SYSTEM_USERS, SYSTEM_VERSIONCOLUMNS, TABLES, TABLE_CONSTRAINTS, TABLE_PRIVILEGES, TRANSLATIONS, TRIGGERED_UPDATE_COLUMNS, TRIGGERS, TRIGGER_COLUMN_USAGE, TRIGGER_ROUTINE_USAGE, TRIGGER_SEQUENCE_USAGE, TRIGGER_TABLE_USAGE, UDT_PRIVILEGES, USAGE_PRIVILEGES, USER_DEFINED_TYPES, VIEWS, VIEW_COLUMN_USAGE, VIEW_ROUTINE_USAGE, VIEW_TABLE_USAGE, COUNTRY, TOWN, BLOCKS, LOBS, LOB_IDS, PARTS]
13:59:02.850 [main] INFO  cz.moravec.TownDaoTests - Started TownDaoTests in 2.17 seconds (JVM running for 2.684)
13:59:03.017 [main] INFO  o.h.h.i.QueryTranslatorFactoryInitiator - HHH000397: Using ASTQueryTranslatorFactory
13:59:03.136 [Thread-3] INFO  o.s.c.a.AnnotationConfigApplicationContext - Closing org.springframework.context.annotation.AnnotationConfigApplicationContext@51dcb805: startup date [Thu Apr 12 13:59:01 CEST 2018]; root of context hierarchy
13:59:03.137 [Thread-3] INFO  o.h.tool.hbm2ddl.SchemaExport - HHH000227: Running hbm2ddl schema export
13:59:03.138 [Thread-3] INFO  o.h.tool.hbm2ddl.SchemaExport - HHH000230: Schema export complete
13:59:03.143 [Thread-3] INFO  o.s.o.j.LocalContainerEntityManagerFactoryBean - Closing JPA EntityManagerFactory for persistence unit 'default'
13:59:03.144 [Thread-3] WARN  o.s.b.f.s.DisposableBeanAdapter - Invocation of destroy method failed on bean with name 'entityManagerFactory': java.lang.IllegalStateException: EntityManagerFactory is closed
